<?xml version="1.0" encoding="UTF-8"?>
<testsuite xmlns:xsi="http://www.w3.org/2001/XMLSchema-instance" xsi:noNamespaceSchemaLocation="https://maven.apache.org/surefire/maven-surefire-plugin/xsd/surefire-test-report-3.0.xsd" version="3.0" name="com.zombicide.missiongen.services.PersistanceServiceTest" time="0.215" tests="27" errors="0" skipped="0" failures="0">
  <properties>
[...]
</properties>
  <testcase name="testGetCollectionsWithNullEdition" classname="com.zombicide.missiongen.services.PersistanceServiceTest" time="0.002">
    <system-out><![CDATA[16:51:29.232 [main] WARN  c.z.m.services.PersistanceService - Edition parameter is null or empty
]]></system-out>
  </testcase>
  <testcase name="testGetTileImagesWithNullParameters" classname="com.zombicide.missiongen.services.PersistanceServiceTest" time="0.002">
    <system-out><![CDATA[16:51:29.235 [main] WARN  c.z.m.services.PersistanceService - Edition or collection parameter is null or empty
16:51:29.235 [main] WARN  c.z.m.services.PersistanceService - Edition or collection parameter is null or empty
]]></system-out>
  </testcase>
  <testcase name="testPersistTile" classname="com.zombicide.missiongen.services.PersistanceServiceTest" time="0.007">
    <system-out><![CDATA[16:51:29.240 [main] INFO  c.z.m.services.PersistanceService - Tile test-persist saved to test-data-temp/editions/Edition1/Collection1/tiles/test-persist.json
16:51:29.242 [main] INFO  c.z.m.services.PersistanceService - Found 3 tiles for edition 'Edition1', collection 'Collection1'
]]></system-out>
  </testcase>
  <testcase name="testGetTiles" classname="com.zombicide.missiongen.services.PersistanceServiceTest" time="0.003">
    <system-out><![CDATA[16:51:29.245 [main] INFO  c.z.m.services.PersistanceService - Found 2 tiles for edition 'Edition1', collection 'Collection1'
]]></system-out>
  </testcase>
  <testcase name="testGetCollectionsWithEmptyEdition" classname="com.zombicide.missiongen.services.PersistanceServiceTest" time="0.003">
    <system-out><![CDATA[16:51:29.248 [main] WARN  c.z.m.services.PersistanceService - Edition parameter is null or empty
]]></system-out>
  </testcase>
  <testcase name="testGetEditions" classname="com.zombicide.missiongen.services.PersistanceServiceTest" time="0.003">
    <system-out><![CDATA[16:51:29.251 [main] INFO  c.z.m.services.PersistanceService - Found 2 editions
]]></system-out>
  </testcase>
  <testcase name="testPersistTileContent" classname="com.zombicide.missiongen.services.PersistanceServiceTest" time="0.007">
    <system-out><![CDATA[16:51:29.256 [main] INFO  c.z.m.services.PersistanceService - Tile test-content saved to test-data-temp/editions/Edition1/Collection1/tiles/test-content.json
]]></system-out>
  </testcase>
  <testcase name="testGetTilesWithNonExistentPath" classname="com.zombicide.missiongen.services.PersistanceServiceTest" time="0.002">
    <system-out><![CDATA[16:51:29.261 [main] WARN  c.z.m.services.PersistanceService - tiles directory does not exist: test-data-temp/editions/NonExistent/Collection/tiles
]]></system-out>
  </testcase>
  <testcase name="testGetTilesWithEmptyParameters" classname="com.zombicide.missiongen.services.PersistanceServiceTest" time="0.003">
    <system-out><![CDATA[16:51:29.263 [main] WARN  c.z.m.services.PersistanceService - Edition or collection parameter is null or empty
16:51:29.264 [main] WARN  c.z.m.services.PersistanceService - Edition or collection parameter is null or empty
]]></system-out>
  </testcase>
  <testcase name="testTilesToGenerate" classname="com.zombicide.missiongen.services.PersistanceServiceTest" time="0.003">
    <system-out><![CDATA[16:51:29.266 [main] INFO  c.z.m.services.PersistanceService - Found 2 tiles for edition 'Edition1', collection 'Collection1'
16:51:29.267 [main] INFO  c.z.m.services.PersistanceService - Found 3 tile images for edition 'Edition1', collection 'Collection1'
]]></system-out>
  </testcase>
  <testcase name="testGenerateTilesDoesNotOverwriteExisting" classname="com.zombicide.missiongen.services.PersistanceServiceTest" time="0.108">
    <system-out><![CDATA[16:51:29.372 [main] INFO  c.z.m.services.PersistanceService - Found 4 tile images for edition 'Edition1', collection 'Collection1'
16:51:29.372 [main] INFO  c.z.m.services.PersistanceService - Found 3 tiles for edition 'Edition1', collection 'Collection1'
16:51:29.373 [main] INFO  c.z.m.services.PersistanceService - Found 3 tiles for edition 'Edition1', collection 'Collection1'
16:51:29.373 [main] INFO  c.z.m.services.PersistanceService - Found 3 tiles for edition 'Edition1', collection 'Collection1'
16:51:29.373 [main] INFO  c.z.m.services.PersistanceService - Found 3 tiles for edition 'Edition1', collection 'Collection1'
16:51:29.374 [main] INFO  c.z.m.services.PersistanceService - Tile tile3 saved to test-data-temp/editions/Edition1/Collection1/tiles/tile3.json
]]></system-out>
  </testcase>
  <testcase name="testTilesToGenerateWithNonExistentCollections" classname="com.zombicide.missiongen.services.PersistanceServiceTest" time="0.002">
    <system-out><![CDATA[16:51:29.378 [main] WARN  c.z.m.services.PersistanceService - tiles directory does not exist: test-data-temp/editions/Edition1/NonExistent/tiles
16:51:29.378 [main] WARN  c.z.m.services.PersistanceService - tile images directory does not exist: test-data-temp/editions/Edition1/NonExistent/tileImages
]]></system-out>
  </testcase>
  <testcase name="testGenerateTiles" classname="com.zombicide.missiongen.services.PersistanceServiceTest" time="0.009">
    <system-out><![CDATA[16:51:29.382 [main] INFO  c.z.m.services.PersistanceService - Found 5 tile images for edition 'Edition1', collection 'Collection1'
16:51:29.383 [main] INFO  c.z.m.services.PersistanceService - Found 2 tiles for edition 'Edition1', collection 'Collection1'
16:51:29.384 [main] INFO  c.z.m.services.PersistanceService - Tile generate-test-1 saved to test-data-temp/editions/Edition1/Collection1/tiles/generate-test-1.json
16:51:29.384 [main] INFO  c.z.m.services.PersistanceService - Found 3 tiles for edition 'Edition1', collection 'Collection1'
16:51:29.385 [main] INFO  c.z.m.services.PersistanceService - Tile generate-test-2 saved to test-data-temp/editions/Edition1/Collection1/tiles/generate-test-2.json
16:51:29.386 [main] INFO  c.z.m.services.PersistanceService - Found 4 tiles for edition 'Edition1', collection 'Collection1'
16:51:29.386 [main] INFO  c.z.m.services.PersistanceService - Found 4 tiles for edition 'Edition1', collection 'Collection1'
16:51:29.386 [main] INFO  c.z.m.services.PersistanceService - Found 4 tiles for edition 'Edition1', collection 'Collection1'
16:51:29.386 [main] INFO  c.z.m.services.PersistanceService - Tile tile3 saved to test-data-temp/editions/Edition1/Collection1/tiles/tile3.json
16:51:29.386 [main] INFO  c.z.m.services.PersistanceService - Found 5 tiles for edition 'Edition1', collection 'Collection1'
]]></system-out>
  </testcase>
  <testcase name="testResultsAreSorted" classname="com.zombicide.missiongen.services.PersistanceServiceTest" time="0.002">
    <system-out><![CDATA[16:51:29.389 [main] INFO  c.z.m.services.PersistanceService - Found 3 tile images for edition 'Edition1', collection 'Collection1'
]]></system-out>
  </testcase>
  <testcase name="testGetCollections" classname="com.zombicide.missiongen.services.PersistanceServiceTest" time="0.003">
    <system-out><![CDATA[16:51:29.393 [main] INFO  c.z.m.services.PersistanceService - Found 2 collections for edition 'Edition1'
]]></system-out>
  </testcase>
  <testcase name="testTilesToGenerateWithEmptyCollections" classname="com.zombicide.missiongen.services.PersistanceServiceTest" time="0.003">
    <system-out><![CDATA[16:51:29.396 [main] WARN  c.z.m.services.PersistanceService - tiles directory does not exist: test-data-temp/editions/Edition2/NonExistent/tiles
16:51:29.396 [main] WARN  c.z.m.services.PersistanceService - tile images directory does not exist: test-data-temp/editions/Edition2/NonExistent/tileImages
]]></system-out>
  </testcase>
  <testcase name="testGetTileImages" classname="com.zombicide.missiongen.services.PersistanceServiceTest" time="0.003">
    <system-out><![CDATA[16:51:29.399 [main] INFO  c.z.m.services.PersistanceService - Found 3 tile images for edition 'Edition1', collection 'Collection1'
]]></system-out>
  </testcase>
  <testcase name="testTilesToGenerateWithNonExistentPath" classname="com.zombicide.missiongen.services.PersistanceServiceTest" time="0.003">
    <system-out><![CDATA[16:51:29.402 [main] WARN  c.z.m.services.PersistanceService - tiles directory does not exist: test-data-temp/editions/NonExistent/Collection/tiles
16:51:29.402 [main] WARN  c.z.m.services.PersistanceService - tile images directory does not exist: test-data-temp/editions/NonExistent/Collection/tileImages
]]></system-out>
  </testcase>
  <testcase name="testTilesToGenerateWithEmptyParameters" classname="com.zombicide.missiongen.services.PersistanceServiceTest" time="0.004">
    <system-out><![CDATA[16:51:29.405 [main] WARN  c.z.m.services.PersistanceService - Edition or collection parameter is null or empty
16:51:29.405 [main] WARN  c.z.m.services.PersistanceService - Edition or collection parameter is null or empty
16:51:29.405 [main] WARN  c.z.m.services.PersistanceService - Edition or collection parameter is null or empty
16:51:29.405 [main] WARN  c.z.m.services.PersistanceService - Edition or collection parameter is null or empty
]]></system-out>
  </testcase>
  <testcase name="testGetCollectionsWithNonExistentEdition" classname="com.zombicide.missiongen.services.PersistanceServiceTest" time="0.003">
    <system-out><![CDATA[16:51:29.409 [main] WARN  c.z.m.services.PersistanceService - Collections directory does not exist: test-data-temp/editions/NonExistentEdition
]]></system-out>
  </testcase>
  <testcase name="testGetEditionsWhenDirectoryDoesNotExist" classname="com.zombicide.missiongen.services.PersistanceServiceTest" time="0.003">
    <system-out><![CDATA[16:51:29.413 [main] WARN  c.z.m.services.PersistanceService - Editions directory does not exist: test-data-temp/editions
]]></system-out>
  </testcase>
  <testcase name="testGetTilesWithNullParameters" classname="com.zombicide.missiongen.services.PersistanceServiceTest" time="0.003">
    <system-out><![CDATA[16:51:29.415 [main] WARN  c.z.m.services.PersistanceService - Edition or collection parameter is null or empty
16:51:29.415 [main] WARN  c.z.m.services.PersistanceService - Edition or collection parameter is null or empty
]]></system-out>
  </testcase>
  <testcase name="testTilesToGenerateWithNullParameters" classname="com.zombicide.missiongen.services.PersistanceServiceTest" time="0.003">
    <system-out><![CDATA[16:51:29.418 [main] WARN  c.z.m.services.PersistanceService - Edition or collection parameter is null or empty
16:51:29.418 [main] WARN  c.z.m.services.PersistanceService - Edition or collection parameter is null or empty
16:51:29.418 [main] WARN  c.z.m.services.PersistanceService - Edition or collection parameter is null or empty
16:51:29.418 [main] WARN  c.z.m.services.PersistanceService - Edition or collection parameter is null or empty
]]></system-out>
  </testcase>
  <testcase name="testTilesToGenerateWithEmptyTiles" classname="com.zombicide.missiongen.services.PersistanceServiceTest" time="0.004">
    <system-out><![CDATA[16:51:29.421 [main] INFO  c.z.m.services.PersistanceService - Found 1 tiles for edition 'Edition1', collection 'Collection2'
16:51:29.422 [main] INFO  c.z.m.services.PersistanceService - Found 1 tile images for edition 'Edition1', collection 'Collection2'
]]></system-out>
  </testcase>
  <testcase name="testGetTileImagesWithNonExistentPath" classname="com.zombicide.missiongen.services.PersistanceServiceTest" time="0.003">
    <system-out><![CDATA[16:51:29.425 [main] WARN  c.z.m.services.PersistanceService - tile images directory does not exist: test-data-temp/editions/NonExistent/Collection/tileImages
]]></system-out>
  </testcase>
  <testcase name="testGetTileImagesWithEmptyParameters" classname="com.zombicide.missiongen.services.PersistanceServiceTest" time="0.003">
    <system-out><![CDATA[16:51:29.428 [main] WARN  c.z.m.services.PersistanceService - Edition or collection parameter is null or empty
16:51:29.428 [main] WARN  c.z.m.services.PersistanceService - Edition or collection parameter is null or empty
]]></system-out>
  </testcase>
  <testcase name="testPersistMission" classname="com.zombicide.missiongen.services.PersistanceServiceTest" time="0.017">
    <system-out><![CDATA[16:51:29.432 [main] ERROR c.zombicide.missiongen.model.Mission - Error reading image: test-data-temp/editions/Edition1/Collection1/missionImages/mission_test-mission.png
javax.imageio.IIOException: Can't read input file!
	at java.desktop/javax.imageio.ImageIO.read(ImageIO.java:1308)
	at com.zombicide.missiongen.model.Mission.initBoard(Mission.java:51)
	at com.zombicide.missiongen.model.Mission.<init>(Mission.java:44)
	at com.zombicide.missiongen.services.PersistanceServiceTest.testPersistMission(PersistanceServiceTest.java:404)
	at java.base/jdk.internal.reflect.DirectMethodHandleAccessor.invoke(DirectMethodHandleAccessor.java:103)
	at java.base/java.lang.reflect.Method.invoke(Method.java:580)
	at org.junit.runners.model.FrameworkMethod$1.runReflectiveCall(FrameworkMethod.java:59)
	at org.junit.internal.runners.model.ReflectiveCallable.run(ReflectiveCallable.java:12)
	at org.junit.runners.model.FrameworkMethod.invokeExplosively(FrameworkMethod.java:56)
	at org.junit.internal.runners.statements.InvokeMethod.evaluate(InvokeMethod.java:17)
	at org.junit.internal.runners.statements.RunBefores.evaluate(RunBefores.java:26)
	at org.junit.internal.runners.statements.RunAfters.evaluate(RunAfters.java:27)
	at org.junit.runners.ParentRunner$3.evaluate(ParentRunner.java:306)
	at org.junit.runners.BlockJUnit4ClassRunner$1.evaluate(BlockJUnit4ClassRunner.java:100)
	at org.junit.runners.ParentRunner.runLeaf(ParentRunner.java:366)
	at org.junit.runners.BlockJUnit4ClassRunner.runChild(BlockJUnit4ClassRunner.java:103)
	at org.junit.runners.BlockJUnit4ClassRunner.runChild(BlockJUnit4ClassRunner.java:63)
	at org.junit.runners.ParentRunner$4.run(ParentRunner.java:331)
	at org.junit.runners.ParentRunner$1.schedule(ParentRunner.java:79)
	at org.junit.runners.ParentRunner.runChildren(ParentRunner.java:329)
	at org.junit.runners.ParentRunner.access$100(ParentRunner.java:66)
	at org.junit.runners.ParentRunner$2.evaluate(ParentRunner.java:293)
	at org.junit.runners.ParentRunner$3.evaluate(ParentRunner.java:306)
	at org.junit.runners.ParentRunner.run(ParentRunner.java:413)
	at org.apache.maven.surefire.junit4.JUnit4Provider.execute(JUnit4Provider.java:316)
	at org.apache.maven.surefire.junit4.JUnit4Provider.executeWithRerun(JUnit4Provider.java:240)
	at org.apache.maven.surefire.junit4.JUnit4Provider.executeTestSet(JUnit4Provider.java:214)
	at org.apache.maven.surefire.junit4.JUnit4Provider.invoke(JUnit4Provider.java:155)
	at org.apache.maven.surefire.booter.ForkedBooter.runSuitesInProcess(ForkedBooter.java:385)
	at org.apache.maven.surefire.booter.ForkedBooter.execute(ForkedBooter.java:162)
	at org.apache.maven.surefire.booter.ForkedBooter.run(ForkedBooter.java:507)
	at org.apache.maven.surefire.booter.ForkedBooter.main(ForkedBooter.java:495)
16:51:29.435 [main] INFO  c.z.m.services.PersistanceService - Mission test-mission saved to test-data-temp/editions/Edition1/Collection1/missions/test-mission.json
16:51:29.443 [main] INFO  c.z.m.services.PersistanceService - Mission board image saved to test-data-temp/editions/Edition1/Collection1/missionImages/mission_test-mission.png
]]></system-out>
  </testcase>
</testsuite>