<?xml version="1.0" encoding="UTF-8"?>
<testsuite xmlns:xsi="http://www.w3.org/2001/XMLSchema-instance" xsi:noNamespaceSchemaLocation="https://maven.apache.org/surefire/maven-surefire-plugin/xsd/surefire-test-report-3.0.xsd" version="3.0" name="com.zombicide.missiongen.services.PersistanceServiceTest" time="0.225" tests="27" errors="0" skipped="0" failures="0">
  <properties>
[...]
</properties>
  <testcase name="testGetCollectionsWithNullEdition" classname="com.zombicide.missiongen.services.PersistanceServiceTest" time="0.001">
    <system-out><![CDATA[04:55:04.865 [main] WARN  c.z.m.services.PersistanceService - Edition parameter is null or empty
]]></system-out>
  </testcase>
  <testcase name="testGetTileImagesWithNullParameters" classname="com.zombicide.missiongen.services.PersistanceServiceTest" time="0.003">
    <system-out><![CDATA[04:55:04.869 [main] WARN  c.z.m.services.PersistanceService - Edition or collection parameter is null or empty
04:55:04.869 [main] WARN  c.z.m.services.PersistanceService - Edition or collection parameter is null or empty
]]></system-out>
  </testcase>
  <testcase name="testPersistTile" classname="com.zombicide.missiongen.services.PersistanceServiceTest" time="0.007">
    <system-out><![CDATA[04:55:04.874 [main] INFO  c.z.m.services.PersistanceService - Tile test-persist saved to test-data-temp/editions/Edition1/Collection1/tiles/test-persist.json
04:55:04.876 [main] INFO  c.z.m.services.PersistanceService - Found 3 tiles for edition 'Edition1', collection 'Collection1'
]]></system-out>
  </testcase>
  <testcase name="testGetTiles" classname="com.zombicide.missiongen.services.PersistanceServiceTest" time="0.004">
    <system-out><![CDATA[04:55:04.880 [main] INFO  c.z.m.services.PersistanceService - Found 2 tiles for edition 'Edition1', collection 'Collection1'
]]></system-out>
  </testcase>
  <testcase name="testGetCollectionsWithEmptyEdition" classname="com.zombicide.missiongen.services.PersistanceServiceTest" time="0.003">
    <system-out><![CDATA[04:55:04.883 [main] WARN  c.z.m.services.PersistanceService - Edition parameter is null or empty
]]></system-out>
  </testcase>
  <testcase name="testGetEditions" classname="com.zombicide.missiongen.services.PersistanceServiceTest" time="0.003">
    <system-out><![CDATA[04:55:04.886 [main] INFO  c.z.m.services.PersistanceService - Found 2 editions
]]></system-out>
  </testcase>
  <testcase name="testPersistTileContent" classname="com.zombicide.missiongen.services.PersistanceServiceTest" time="0.006">
    <system-out><![CDATA[04:55:04.891 [main] INFO  c.z.m.services.PersistanceService - Tile test-content saved to test-data-temp/editions/Edition1/Collection1/tiles/test-content.json
]]></system-out>
  </testcase>
  <testcase name="testGetTilesWithNonExistentPath" classname="com.zombicide.missiongen.services.PersistanceServiceTest" time="0.003">
    <system-out><![CDATA[04:55:04.896 [main] WARN  c.z.m.services.PersistanceService - tiles directory does not exist: test-data-temp/editions/NonExistent/Collection/tiles
]]></system-out>
  </testcase>
  <testcase name="testGetTilesWithEmptyParameters" classname="com.zombicide.missiongen.services.PersistanceServiceTest" time="0.003">
    <system-out><![CDATA[04:55:04.899 [main] WARN  c.z.m.services.PersistanceService - Edition or collection parameter is null or empty
04:55:04.899 [main] WARN  c.z.m.services.PersistanceService - Edition or collection parameter is null or empty
]]></system-out>
  </testcase>
  <testcase name="testTilesToGenerate" classname="com.zombicide.missiongen.services.PersistanceServiceTest" time="0.003">
    <system-out><![CDATA[04:55:04.902 [main] INFO  c.z.m.services.PersistanceService - Found 2 tiles for edition 'Edition1', collection 'Collection1'
04:55:04.903 [main] INFO  c.z.m.services.PersistanceService - Found 3 tile images for edition 'Edition1', collection 'Collection1'
]]></system-out>
  </testcase>
  <testcase name="testGenerateTilesDoesNotOverwriteExisting" classname="com.zombicide.missiongen.services.PersistanceServiceTest" time="0.109">
    <system-out><![CDATA[04:55:05.009 [main] INFO  c.z.m.services.PersistanceService - Found 4 tile images for edition 'Edition1', collection 'Collection1'
04:55:05.009 [main] INFO  c.z.m.services.PersistanceService - Found 3 tiles for edition 'Edition1', collection 'Collection1'
04:55:05.010 [main] INFO  c.z.m.services.PersistanceService - Found 3 tiles for edition 'Edition1', collection 'Collection1'
04:55:05.010 [main] INFO  c.z.m.services.PersistanceService - Found 3 tiles for edition 'Edition1', collection 'Collection1'
04:55:05.010 [main] INFO  c.z.m.services.PersistanceService - Found 3 tiles for edition 'Edition1', collection 'Collection1'
04:55:05.012 [main] INFO  c.z.m.services.PersistanceService - Tile tile3 saved to test-data-temp/editions/Edition1/Collection1/tiles/tile3.json
]]></system-out>
  </testcase>
  <testcase name="testTilesToGenerateWithNonExistentCollections" classname="com.zombicide.missiongen.services.PersistanceServiceTest" time="0.003">
    <system-out><![CDATA[04:55:05.015 [main] WARN  c.z.m.services.PersistanceService - tiles directory does not exist: test-data-temp/editions/Edition1/NonExistent/tiles
04:55:05.015 [main] WARN  c.z.m.services.PersistanceService - tile images directory does not exist: test-data-temp/editions/Edition1/NonExistent/tileImages
]]></system-out>
  </testcase>
  <testcase name="testGenerateTiles" classname="com.zombicide.missiongen.services.PersistanceServiceTest" time="0.018">
    <system-out><![CDATA[04:55:05.025 [main] INFO  c.z.m.services.PersistanceService - Found 5 tile images for edition 'Edition1', collection 'Collection1'
04:55:05.026 [main] INFO  c.z.m.services.PersistanceService - Found 2 tiles for edition 'Edition1', collection 'Collection1'
04:55:05.029 [main] INFO  c.z.m.services.PersistanceService - Tile generate-test-1 saved to test-data-temp/editions/Edition1/Collection1/tiles/generate-test-1.json
04:55:05.030 [main] INFO  c.z.m.services.PersistanceService - Found 3 tiles for edition 'Edition1', collection 'Collection1'
04:55:05.031 [main] INFO  c.z.m.services.PersistanceService - Tile generate-test-2 saved to test-data-temp/editions/Edition1/Collection1/tiles/generate-test-2.json
04:55:05.031 [main] INFO  c.z.m.services.PersistanceService - Found 4 tiles for edition 'Edition1', collection 'Collection1'
04:55:05.031 [main] INFO  c.z.m.services.PersistanceService - Found 4 tiles for edition 'Edition1', collection 'Collection1'
04:55:05.031 [main] INFO  c.z.m.services.PersistanceService - Found 4 tiles for edition 'Edition1', collection 'Collection1'
04:55:05.032 [main] INFO  c.z.m.services.PersistanceService - Tile tile3 saved to test-data-temp/editions/Edition1/Collection1/tiles/tile3.json
04:55:05.032 [main] INFO  c.z.m.services.PersistanceService - Found 5 tiles for edition 'Edition1', collection 'Collection1'
]]></system-out>
  </testcase>
  <testcase name="testResultsAreSorted" classname="com.zombicide.missiongen.services.PersistanceServiceTest" time="0.004">
    <system-out><![CDATA[04:55:05.036 [main] INFO  c.z.m.services.PersistanceService - Found 3 tile images for edition 'Edition1', collection 'Collection1'
]]></system-out>
  </testcase>
  <testcase name="testGetCollections" classname="com.zombicide.missiongen.services.PersistanceServiceTest" time="0.003">
    <system-out><![CDATA[04:55:05.041 [main] INFO  c.z.m.services.PersistanceService - Found 2 collections for edition 'Edition1'
]]></system-out>
  </testcase>
  <testcase name="testTilesToGenerateWithEmptyCollections" classname="com.zombicide.missiongen.services.PersistanceServiceTest" time="0.003">
    <system-out><![CDATA[04:55:05.044 [main] WARN  c.z.m.services.PersistanceService - tiles directory does not exist: test-data-temp/editions/Edition2/NonExistent/tiles
04:55:05.044 [main] WARN  c.z.m.services.PersistanceService - tile images directory does not exist: test-data-temp/editions/Edition2/NonExistent/tileImages
]]></system-out>
  </testcase>
  <testcase name="testGetTileImages" classname="com.zombicide.missiongen.services.PersistanceServiceTest" time="0.003">
    <system-out><![CDATA[04:55:05.047 [main] INFO  c.z.m.services.PersistanceService - Found 3 tile images for edition 'Edition1', collection 'Collection1'
]]></system-out>
  </testcase>
  <testcase name="testTilesToGenerateWithNonExistentPath" classname="com.zombicide.missiongen.services.PersistanceServiceTest" time="0.003">
    <system-out><![CDATA[04:55:05.050 [main] WARN  c.z.m.services.PersistanceService - tiles directory does not exist: test-data-temp/editions/NonExistent/Collection/tiles
04:55:05.050 [main] WARN  c.z.m.services.PersistanceService - tile images directory does not exist: test-data-temp/editions/NonExistent/Collection/tileImages
]]></system-out>
  </testcase>
  <testcase name="testTilesToGenerateWithEmptyParameters" classname="com.zombicide.missiongen.services.PersistanceServiceTest" time="0.003">
    <system-out><![CDATA[04:55:05.053 [main] WARN  c.z.m.services.PersistanceService - Edition or collection parameter is null or empty
04:55:05.053 [main] WARN  c.z.m.services.PersistanceService - Edition or collection parameter is null or empty
04:55:05.053 [main] WARN  c.z.m.services.PersistanceService - Edition or collection parameter is null or empty
04:55:05.053 [main] WARN  c.z.m.services.PersistanceService - Edition or collection parameter is null or empty
]]></system-out>
  </testcase>
  <testcase name="testGetCollectionsWithNonExistentEdition" classname="com.zombicide.missiongen.services.PersistanceServiceTest" time="0.003">
    <system-out><![CDATA[04:55:05.056 [main] WARN  c.z.m.services.PersistanceService - Collections directory does not exist: test-data-temp/editions/NonExistentEdition
]]></system-out>
  </testcase>
  <testcase name="testGetEditionsWhenDirectoryDoesNotExist" classname="com.zombicide.missiongen.services.PersistanceServiceTest" time="0.003">
    <system-out><![CDATA[04:55:05.060 [main] WARN  c.z.m.services.PersistanceService - Editions directory does not exist: test-data-temp/editions
]]></system-out>
  </testcase>
  <testcase name="testGetTilesWithNullParameters" classname="com.zombicide.missiongen.services.PersistanceServiceTest" time="0.003">
    <system-out><![CDATA[04:55:05.062 [main] WARN  c.z.m.services.PersistanceService - Edition or collection parameter is null or empty
04:55:05.062 [main] WARN  c.z.m.services.PersistanceService - Edition or collection parameter is null or empty
]]></system-out>
  </testcase>
  <testcase name="testTilesToGenerateWithNullParameters" classname="com.zombicide.missiongen.services.PersistanceServiceTest" time="0.003">
    <system-out><![CDATA[04:55:05.065 [main] WARN  c.z.m.services.PersistanceService - Edition or collection parameter is null or empty
04:55:05.065 [main] WARN  c.z.m.services.PersistanceService - Edition or collection parameter is null or empty
04:55:05.065 [main] WARN  c.z.m.services.PersistanceService - Edition or collection parameter is null or empty
04:55:05.065 [main] WARN  c.z.m.services.PersistanceService - Edition or collection parameter is null or empty
]]></system-out>
  </testcase>
  <testcase name="testTilesToGenerateWithEmptyTiles" classname="com.zombicide.missiongen.services.PersistanceServiceTest" time="0.004">
    <system-out><![CDATA[04:55:05.069 [main] INFO  c.z.m.services.PersistanceService - Found 1 tiles for edition 'Edition1', collection 'Collection2'
04:55:05.069 [main] INFO  c.z.m.services.PersistanceService - Found 1 tile images for edition 'Edition1', collection 'Collection2'
]]></system-out>
  </testcase>
  <testcase name="testGetTileImagesWithNonExistentPath" classname="com.zombicide.missiongen.services.PersistanceServiceTest" time="0.003">
    <system-out><![CDATA[04:55:05.072 [main] WARN  c.z.m.services.PersistanceService - tile images directory does not exist: test-data-temp/editions/NonExistent/Collection/tileImages
]]></system-out>
  </testcase>
  <testcase name="testGetTileImagesWithEmptyParameters" classname="com.zombicide.missiongen.services.PersistanceServiceTest" time="0.004">
    <system-out><![CDATA[04:55:05.076 [main] WARN  c.z.m.services.PersistanceService - Edition or collection parameter is null or empty
04:55:05.076 [main] WARN  c.z.m.services.PersistanceService - Edition or collection parameter is null or empty
]]></system-out>
  </testcase>
  <testcase name="testPersistMission" classname="com.zombicide.missiongen.services.PersistanceServiceTest" time="0.013">
    <system-out><![CDATA[04:55:05.081 [main] INFO  c.z.m.services.PersistanceService - Mission test-mission saved to test-data-temp/editions/Edition1/Collection1/missions/test-mission.json
04:55:05.087 [main] INFO  c.z.m.services.PersistanceService - Mission board image saved to test-data-temp/editions/Edition1/Collection1/missionImages/mission_test-mission.png
]]></system-out>
  </testcase>
</testsuite>