<?xml version="1.0" encoding="UTF-8"?>
<testsuite xmlns:xsi="http://www.w3.org/2001/XMLSchema-instance" xsi:noNamespaceSchemaLocation="https://maven.apache.org/surefire/maven-surefire-plugin/xsd/surefire-test-report-3.0.xsd" version="3.0" name="com.zombicide.missiongen.model.board.MissionGridTest" time="0.001" tests="15" errors="0" skipped="0" failures="0">
  <properties>
[...]
</properties>
  <testcase name="testSingleCellGrid" classname="com.zombicide.missiongen.model.board.MissionGridTest" time="0.0"/>
  <testcase name="testCoordinateAlignment" classname="com.zombicide.missiongen.model.board.MissionGridTest" time="0.0"/>
  <testcase name="testRectangularGrids" classname="com.zombicide.missiongen.model.board.MissionGridTest" time="0.0"/>
  <testcase name="testValidateEmptyGrid" classname="com.zombicide.missiongen.model.board.MissionGridTest" time="0.0"/>
  <testcase name="testOverwriteBoard" classname="com.zombicide.missiongen.model.board.MissionGridTest" time="0.0"/>
  <testcase name="testConstructorWithWidthHeight" classname="com.zombicide.missiongen.model.board.MissionGridTest" time="0.0"/>
  <testcase name="testValidateAfterBoardRemoval" classname="com.zombicide.missiongen.model.board.MissionGridTest" time="0.0"/>
  <testcase name="testSetAndGetBoard" classname="com.zombicide.missiongen.model.board.MissionGridTest" time="0.0"/>
  <testcase name="testValidateWithMatchingStreetConnections" classname="com.zombicide.missiongen.model.board.MissionGridTest" time="0.001"/>
  <testcase name="testValidateWithValidBoards" classname="com.zombicide.missiongen.model.board.MissionGridTest" time="0.0"/>
  <testcase name="testMultipleBoardPlacements" classname="com.zombicide.missiongen.model.board.MissionGridTest" time="0.0"/>
  <testcase name="testSetBoardNull" classname="com.zombicide.missiongen.model.board.MissionGridTest" time="0.0"/>
  <testcase name="testLargeGrid" classname="com.zombicide.missiongen.model.board.MissionGridTest" time="0.0"/>
  <testcase name="testConstructorWithExistingGrid" classname="com.zombicide.missiongen.model.board.MissionGridTest" time="0.0"/>
  <testcase name="testConstructorInitializesEmptyGrid" classname="com.zombicide.missiongen.model.board.MissionGridTest" time="0.0"/>
</testsuite>